2025-december-11 12:21:27 INFO  [TransactionSteps] Navigating to transaction type Deposit
2025-december-11 12:21:29 INFO  [TransactionSteps] Selecting target account type MyChecking1
2025-december-11 12:21:29 INFO  [TransactionSteps] Entering amount 500.05
2025-december-11 12:21:30 INFO  [TransactionSteps] Allowing tranaction.
2025-december-11 12:21:32 INFO  [TransactionSteps] Successfull tranaction is successfull.
2025-december-11 12:21:39 INFO  [TransactionSteps] Navigating to transaction type Deposit
2025-december-11 12:21:40 INFO  [TransactionSteps] Selecting target account type MySaving3
2025-december-11 12:21:41 INFO  [TransactionSteps] Entering amount 130.00
2025-december-11 12:21:41 INFO  [TransactionSteps] Allowing tranaction.
2025-december-11 12:21:43 INFO  [TransactionSteps] Successfull tranaction is successfull.
2025-december-11 12:21:50 INFO  [TransactionSteps] Navigating to transaction type Withdraw
2025-december-11 12:21:51 INFO  [TransactionSteps] Selecting target account type MyChecking1
2025-december-11 12:21:52 INFO  [TransactionSteps] Entering amount 500.05
2025-december-11 12:21:52 INFO  [TransactionSteps] Allowing tranaction.
2025-december-11 12:21:54 INFO  [TransactionSteps] Successfull tranaction is successfull.
2025-december-11 12:22:01 INFO  [TransactionSteps] Navigating to transaction type Withdraw
2025-december-11 12:22:02 INFO  [TransactionSteps] Selecting target account type MySaving3
2025-december-11 12:22:03 INFO  [TransactionSteps] Entering amount 130.00
2025-december-11 12:22:03 INFO  [TransactionSteps] Allowing tranaction.
2025-december-11 12:22:05 INFO  [TransactionSteps] Successfull tranaction is successfull.
